create massage queue file:
mq_open() see resource file mq_open.c

see created massage queue file command:
$ mkdir /dev/mqueue/
$ mount -t mqueue none /dev/mqueue/
(umount :umount -t mqueue  /dev/mqueue)
$ cat /dev/mqueue/temp.1234 
	QSIZE:0          NOTIFY:0     SIGNO:0     NOTIFY_PID:0     
mq_unlink see resource file mq_unlink.c:
run mq_unlink after try again mount path nothing:
$ cat /dev/mqueue/

send message to message queue
$ gcc mq_send.c -lrt
$ ./a.out 20 10
$ cat /dev/mqueue/temp.1234 
QSIZE:72         NOTIFY:0     SIGNO:0     NOTIFY_PID:0   

notification:
gcc mq_notify.c -lrt
./a.out

# cat /dev/mqueue/temp.1234 
QSIZE:0          NOTIFY:0     SIGNO:10    NOTIFY_PID:7970  
may be see pid 7970 and signal number 10(SIGUSR1)

make and run ./send 10 1
./a.out output n:10, prio:1
